G:\DEVELOP\GITHUB\LEARNOPENGL\MYLEARNOPENGL\LEARNOPENGL\1.2.HELLO_TRIANGLE\DEBUG\HELLOTRIANGLE.OBJ
G:\DEVELOP\GITHUB\LEARNOPENGL\MYLEARNOPENGL\LEARNOPENGL\1.2.HELLO_TRIANGLE\DEBUG\VC110.PDB
G:\DEVELOP\GITHUB\LEARNOPENGL\MYLEARNOPENGL\LEARNOPENGL\DEBUG\1.2.HELLO_TRIANGLE.ILK
G:\DEVELOP\GITHUB\LEARNOPENGL\MYLEARNOPENGL\LEARNOPENGL\DEBUG\1.2.HELLO_TRIANGLE.EXE
G:\DEVELOP\GITHUB\LEARNOPENGL\MYLEARNOPENGL\LEARNOPENGL\DEBUG\1.2.HELLO_TRIANGLE.PDB
G:\develop\github\LearnOpenGL\myLearnOpenGL\LearnOpenGL\1.2.hello_triangle\Debug\hellotriangle.obj
G:\develop\github\LearnOpenGL\myLearnOpenGL\LearnOpenGL\1.2.hello_triangle\Debug\cl.command.1.tlog
G:\develop\github\LearnOpenGL\myLearnOpenGL\LearnOpenGL\1.2.hello_triangle\Debug\CL.read.1.tlog
G:\develop\github\LearnOpenGL\myLearnOpenGL\LearnOpenGL\1.2.hello_triangle\Debug\CL.write.1.tlog
G:\develop\github\LearnOpenGL\myLearnOpenGL\LearnOpenGL\1.2.hello_triangle\Debug\link-cvtres.read.1.tlog
G:\develop\github\LearnOpenGL\myLearnOpenGL\LearnOpenGL\1.2.hello_triangle\Debug\link-cvtres.write.1.tlog
G:\develop\github\LearnOpenGL\myLearnOpenGL\LearnOpenGL\1.2.hello_triangle\Debug\link-rc.read.1.tlog
G:\develop\github\LearnOpenGL\myLearnOpenGL\LearnOpenGL\1.2.hello_triangle\Debug\link-rc.write.1.tlog
G:\develop\github\LearnOpenGL\myLearnOpenGL\LearnOpenGL\1.2.hello_triangle\Debug\link.command.1.tlog
G:\develop\github\LearnOpenGL\myLearnOpenGL\LearnOpenGL\1.2.hello_triangle\Debug\link.read.1.tlog
G:\develop\github\LearnOpenGL\myLearnOpenGL\LearnOpenGL\1.2.hello_triangle\Debug\link.write.1.tlog
G:\develop\github\LearnOpenGL\myLearnOpenGL\LearnOpenGL\1.2.hello_triangle\Debug\vc110.idb
G:\develop\github\LearnOpenGL\myLearnOpenGL\LearnOpenGL\1.2.hello_triangle\Debug\vc110.pdb
G:\develop\github\LearnOpenGL\myLearnOpenGL\LearnOpenGL\Debug\1.2.hello_triangle.pdb
G:\develop\github\LearnOpenGL\myLearnOpenGL\LearnOpenGL\Debug\1.2.hello_triangle.exe
G:\develop\github\LearnOpenGL\myLearnOpenGL\LearnOpenGL\Debug\1.2.hello_triangle.ilk
