G:\DEVELOP\GITHUB\LEARNOPENGL\MYLEARNOPENGL\LEARNOPENGL\1.3.SHADERS\DEBUG\SHADERS-USING-OBJECT.OBJ
G:\DEVELOP\GITHUB\LEARNOPENGL\MYLEARNOPENGL\LEARNOPENGL\1.3.SHADERS\DEBUG\VC110.PDB
G:\DEVELOP\GITHUB\LEARNOPENGL\MYLEARNOPENGL\LEARNOPENGL\DEBUG\1.3.SHADERS.ILK
G:\DEVELOP\GITHUB\LEARNOPENGL\MYLEARNOPENGL\LEARNOPENGL\DEBUG\1.3.SHADERS.EXE
G:\DEVELOP\GITHUB\LEARNOPENGL\MYLEARNOPENGL\LEARNOPENGL\DEBUG\1.3.SHADERS.PDB
G:\develop\github\LearnOpenGL\myLearnOpenGL\LearnOpenGL\1.3.shaders\Debug\shaders-using-object.obj
G:\develop\github\LearnOpenGL\myLearnOpenGL\LearnOpenGL\1.3.shaders\Debug\cl.command.1.tlog
G:\develop\github\LearnOpenGL\myLearnOpenGL\LearnOpenGL\1.3.shaders\Debug\CL.read.1.tlog
G:\develop\github\LearnOpenGL\myLearnOpenGL\LearnOpenGL\1.3.shaders\Debug\CL.write.1.tlog
G:\develop\github\LearnOpenGL\myLearnOpenGL\LearnOpenGL\1.3.shaders\Debug\link-cvtres.read.1.tlog
G:\develop\github\LearnOpenGL\myLearnOpenGL\LearnOpenGL\1.3.shaders\Debug\link-cvtres.write.1.tlog
G:\develop\github\LearnOpenGL\myLearnOpenGL\LearnOpenGL\1.3.shaders\Debug\link-rc.read.1.tlog
G:\develop\github\LearnOpenGL\myLearnOpenGL\LearnOpenGL\1.3.shaders\Debug\link-rc.write.1.tlog
G:\develop\github\LearnOpenGL\myLearnOpenGL\LearnOpenGL\1.3.shaders\Debug\link.command.1.tlog
G:\develop\github\LearnOpenGL\myLearnOpenGL\LearnOpenGL\1.3.shaders\Debug\link.read.1.tlog
G:\develop\github\LearnOpenGL\myLearnOpenGL\LearnOpenGL\1.3.shaders\Debug\link.write.1.tlog
G:\develop\github\LearnOpenGL\myLearnOpenGL\LearnOpenGL\1.3.shaders\Debug\vc110.idb
G:\develop\github\LearnOpenGL\myLearnOpenGL\LearnOpenGL\1.3.shaders\Debug\vc110.pdb
G:\develop\github\LearnOpenGL\myLearnOpenGL\LearnOpenGL\Debug\1.3.shaders.pdb
G:\develop\github\LearnOpenGL\myLearnOpenGL\LearnOpenGL\Debug\1.3.shaders.exe
G:\develop\github\LearnOpenGL\myLearnOpenGL\LearnOpenGL\Debug\1.3.shaders.ilk
