G:\DEVELOP\GITHUB\LEARNOPENGL\MYLEARNOPENGL\WIN32APIOPENGLNEHE\LESSON46\DEBUG\ARB_MULTISAMPLE.OBJ
G:\DEVELOP\GITHUB\LEARNOPENGL\MYLEARNOPENGL\WIN32APIOPENGLNEHE\LESSON46\DEBUG\LESSON46.OBJ
G:\DEVELOP\GITHUB\LEARNOPENGL\MYLEARNOPENGL\WIN32APIOPENGLNEHE\LESSON46\DEBUG\NEHEGL.OBJ
G:\DEVELOP\GITHUB\LEARNOPENGL\MYLEARNOPENGL\WIN32APIOPENGLNEHE\LESSON46\DEBUG\VC110.PDB
G:\DEVELOP\GITHUB\LEARNOPENGL\MYLEARNOPENGL\WIN32APIOPENGLNEHE\DEBUG\LESSON46.ILK
G:\DEVELOP\GITHUB\LEARNOPENGL\MYLEARNOPENGL\WIN32APIOPENGLNEHE\DEBUG\LESSON46.EXE
G:\DEVELOP\GITHUB\LEARNOPENGL\MYLEARNOPENGL\WIN32APIOPENGLNEHE\DEBUG\LESSON46.PDB
G:\develop\github\LearnOpenGL\myLearnOpenGL\Win32APIOpenGLNeHe\Lesson46\Debug\ARB_Multisample.obj
G:\develop\github\LearnOpenGL\myLearnOpenGL\Win32APIOpenGLNeHe\Lesson46\Debug\Lesson46.obj
G:\develop\github\LearnOpenGL\myLearnOpenGL\Win32APIOpenGLNeHe\Lesson46\Debug\NeHeGL.obj
G:\develop\github\LearnOpenGL\myLearnOpenGL\Win32APIOpenGLNeHe\Lesson46\Debug\cl.command.1.tlog
G:\develop\github\LearnOpenGL\myLearnOpenGL\Win32APIOpenGLNeHe\Lesson46\Debug\CL.read.1.tlog
G:\develop\github\LearnOpenGL\myLearnOpenGL\Win32APIOpenGLNeHe\Lesson46\Debug\CL.write.1.tlog
G:\develop\github\LearnOpenGL\myLearnOpenGL\Win32APIOpenGLNeHe\Lesson46\Debug\link-cvtres.read.1.tlog
G:\develop\github\LearnOpenGL\myLearnOpenGL\Win32APIOpenGLNeHe\Lesson46\Debug\link-cvtres.write.1.tlog
G:\develop\github\LearnOpenGL\myLearnOpenGL\Win32APIOpenGLNeHe\Lesson46\Debug\link-rc.read.1.tlog
G:\develop\github\LearnOpenGL\myLearnOpenGL\Win32APIOpenGLNeHe\Lesson46\Debug\link-rc.write.1.tlog
G:\develop\github\LearnOpenGL\myLearnOpenGL\Win32APIOpenGLNeHe\Lesson46\Debug\link.command.1.tlog
G:\develop\github\LearnOpenGL\myLearnOpenGL\Win32APIOpenGLNeHe\Lesson46\Debug\link.read.1.tlog
G:\develop\github\LearnOpenGL\myLearnOpenGL\Win32APIOpenGLNeHe\Lesson46\Debug\link.write.1.tlog
G:\develop\github\LearnOpenGL\myLearnOpenGL\Win32APIOpenGLNeHe\Lesson46\Debug\vc110.idb
G:\develop\github\LearnOpenGL\myLearnOpenGL\Win32APIOpenGLNeHe\Lesson46\Debug\vc110.pdb
G:\develop\github\LearnOpenGL\myLearnOpenGL\Win32APIOpenGLNeHe\Debug\Lesson46.pdb
G:\develop\github\LearnOpenGL\myLearnOpenGL\Win32APIOpenGLNeHe\Debug\Lesson46.exe
G:\develop\github\LearnOpenGL\myLearnOpenGL\Win32APIOpenGLNeHe\Debug\Lesson46.ilk
